<?xml version="1.0" encoding="UTF-8" ?>
<testsuite name="junit.org.eleusoft.xmlparsers.whitespace.WhitespaceTestSuite" tests="5" failures="0" errors="0" time="0.156">
  <properties>
[...]
</properties>
  <testcase name="testRunConfigurations" classname="junit.org.eleusoft.xmlparsers.whitespace.Test_WTS01_BasicSpaces" time="0.031"></testcase>
  <testcase name="testRunConfigurations" classname="junit.org.eleusoft.xmlparsers.whitespace.Test_WTS02_BasicSpaces_CDATA" time="0.016"></testcase>
  <testcase name="testRunConfigurations" classname="junit.org.eleusoft.xmlparsers.whitespace.Test_WTS05_BasicSpaces_Attribute" time="0.015"></testcase>
  <testcase name="testRunConfigurations" classname="junit.org.eleusoft.xmlparsers.whitespace.Test_WTS03_BasicEndOfLine" time="0.032"></testcase>
  <testcase name="testRunConfigurations" classname="junit.org.eleusoft.xmlparsers.whitespace.Test_WTS04_BasicEndOfLine_CDATA" time="0.015"></testcase>
  <system-out><![CDATA[XML:<xml></xml>
XML:<xml> </xml>
XML:<xml>  </xml>
XML:<xml> A</xml>
XML:<xml>A </xml>
XML:<xml> A </xml>
XML:<xml>  A  </xml>
XML:<xml> A A </xml>
XML:<xml> A  A </xml>
XML:<xml>	</xml>
XML:<xml>		</xml>
XML:<xml><![CDATA[&#x5d;&#x5d;&gt;</xml>
XML:<xml><![CDATA[ &#x5d;&#x5d;&gt;</xml>
XML:<xml><![CDATA[  &#x5d;&#x5d;&gt;</xml>
XML:<xml><![CDATA[ A&#x5d;&#x5d;&gt;</xml>
XML:<xml><![CDATA[A &#x5d;&#x5d;&gt;</xml>
XML:<xml><![CDATA[ A &#x5d;&#x5d;&gt;</xml>
XML:<xml><![CDATA[  A  &#x5d;&#x5d;&gt;</xml>
XML:<xml><![CDATA[ A A &#x5d;&#x5d;&gt;</xml>
XML:<xml><![CDATA[ A  A &#x5d;&#x5d;&gt;</xml>
XML:<xml><![CDATA[	&#x5d;&#x5d;&gt;</xml>
XML:<xml><![CDATA[		&#x5d;&#x5d;&gt;</xml>
XML:<xml attr=''/>
XML:<xml attr=' '/>
XML:<xml attr='  '/>
XML:<xml attr=' A'/>
XML:<xml attr='A '/>
XML:<xml attr=' A '/>
XML:<xml attr='  A  '/>
XML:<xml attr=' A A '/>
XML:<xml attr=' A  A '/>
XML:<xml attr='	'/>
XML:<xml attr='		'/>
XML:<xml>
</xml>
XML:<xml>

</xml>
XML:<xml></xml>
XML:<xml>
</xml>
XML:<xml>
</xml>
XML:<xml></xml>
XML:<xml>

</xml>
XML:<xml>
8
</xml>
XML:<xml>
 8 
</xml>
XML:<xml>8</xml>
XML:<xml> 8 </xml>
XML:<xml>8
8</xml>
XML:<xml>8 
 8</xml>
XML:<xml>88</xml>
XML:<xml>8  8</xml>
XML:<xml><![CDATA[
&#x5d;&#x5d;&gt;</xml>
XML:<xml><![CDATA[

&#x5d;&#x5d;&gt;</xml>
XML:<xml><![CDATA[&#x5d;&#x5d;&gt;</xml>
XML:<xml><![CDATA[
&#x5d;&#x5d;&gt;</xml>
XML:<xml><![CDATA[
&#x5d;&#x5d;&gt;</xml>
XML:<xml><![CDATA[&#x5d;&#x5d;&gt;</xml>
XML:<xml><![CDATA[

&#x5d;&#x5d;&gt;</xml>
XML:<xml><![CDATA[
8
&#x5d;&#x5d;&gt;</xml>
XML:<xml><![CDATA[
 8 
&#x5d;&#x5d;&gt;</xml>
XML:<xml><![CDATA[8&#x5d;&#x5d;&gt;</xml>
XML:<xml><![CDATA[ 8 &#x5d;&#x5d;&gt;</xml>
XML:<xml><![CDATA[8
8&#x5d;&#x5d;&gt;</xml>
XML:<xml><![CDATA[8 
 8&#x5d;&#x5d;&gt;</xml>
XML:<xml><![CDATA[88&#x5d;&#x5d;&gt;</xml>
XML:<xml><![CDATA[8  8&#x5d;&#x5d;&gt;</xml>
]]></system-out>
  <system-err><![CDATA[]]></system-err>
</testsuite>
